<?xml version="1.0" encoding="UTF-8"?>
<robot generator="Robot 5.0 (Python 3.10.4 on win32)" generated="20220704 23:41:06.547" rpa="false" schemaversion="3">
<suite id="s1" name="Tests" source="C:\Users\quintiliano.nery\Documents\Repo\Pessoal\Robot_Appium_Teste_conversacional\tests">
<suite id="s1-s1" name="Skill Hub Principal" source="C:\Users\quintiliano.nery\Documents\Repo\Pessoal\Robot_Appium_Teste_conversacional\tests\skill_hub_principal.robot">
<test id="s1-s1-t1" name="Titulo do teste" line="11">
<kw name="Iniciar teste" library="helpers" type="SETUP">
<kw name="Set Appium Timeout" library="AppiumLibrary">
<arg>12</arg>
<doc>Sets the timeout in seconds used by various keywords.</doc>
<status status="PASS" starttime="20220704 23:41:06.728" endtime="20220704 23:41:06.728"/>
</kw>
<kw name="Open Application" library="AppiumLibrary">
<arg>http://localhost:4723/wd/hub</arg>
<arg>automationName=UiAutomator2</arg>
<arg>deviceName=Android</arg>
<arg>platformName=Android</arg>
<arg>appActivity=com.whatsapp.Main</arg>
<arg>appPackage=com.whatsapp</arg>
<arg>udid=</arg>
<arg>noReset=true</arg>
<doc>Opens a new application to given Appium server.
Capabilities of appium server, Android and iOS,
Please check https://github.com/appium/appium/blob/master/docs/en/writing-running-appium/server-args.md
| *Option*            | *Man.* | *Description*     |
| remote_url          | Yes    | Appium server url |
| alias               | no     | alias             |</doc>
<status status="PASS" starttime="20220704 23:41:06.728" endtime="20220704 23:41:14.210"/>
</kw>
<status status="PASS" starttime="20220704 23:41:06.728" endtime="20220704 23:41:14.210"/>
</kw>
<kw name="Dado que o usuário inicie a conversa com o bot" library="skill_hub_principal_kws">
<kw name="Selcionar numero" library="helpers">
<kw name="Wait Until Element Is Visible" library="AppiumLibrary">
<arg>${menuitem_search}</arg>
<doc>Waits until element specified with `locator` is visible.</doc>
<status status="PASS" starttime="20220704 23:41:14.211" endtime="20220704 23:41:15.538"/>
</kw>
<kw name="Click Element" library="AppiumLibrary">
<arg>${menuitem_search}</arg>
<doc>Click element identified by `locator`.</doc>
<msg timestamp="20220704 23:41:15.539" level="INFO">Clicking element 'id=com.whatsapp:id/menuitem_search'.</msg>
<status status="PASS" starttime="20220704 23:41:15.538" endtime="20220704 23:41:15.922"/>
</kw>
<kw name="Input Text" library="AppiumLibrary">
<arg>${search_input}</arg>
<arg>11996535902</arg>
<doc>Types the given `text` into text field identified by `locator`.</doc>
<msg timestamp="20220704 23:41:15.924" level="INFO">Typing text '11996535902' into text field 'id=com.whatsapp:id/search_input'</msg>
<status status="PASS" starttime="20220704 23:41:15.923" endtime="20220704 23:41:18.285"/>
</kw>
<kw name="Wait Until Element Is Visible" library="AppiumLibrary">
<arg>${filtered_phone}</arg>
<doc>Waits until element specified with `locator` is visible.</doc>
<status status="PASS" starttime="20220704 23:41:18.285" endtime="20220704 23:41:20.123"/>
</kw>
<kw name="Click Element" library="AppiumLibrary">
<arg>${filtered_phone}</arg>
<doc>Click element identified by `locator`.</doc>
<msg timestamp="20220704 23:41:20.124" level="INFO">Clicking element 'xpath=(//androidx.recyclerview.widget.RecyclerView[@resource-id='com.whatsapp:id/result_list']/android.widget.RelativeLayout[@resource-id='com.whatsapp:id/contact_row_container'])'.</msg>
<status status="PASS" starttime="20220704 23:41:20.123" endtime="20220704 23:41:20.414"/>
</kw>
<status status="PASS" starttime="20220704 23:41:14.211" endtime="20220704 23:41:20.415"/>
</kw>
<kw name="Enviar mensagem" library="helpers">
<arg>Olá</arg>
<kw name="Wait Until Element Is Visible" library="AppiumLibrary">
<arg>${entry}</arg>
<doc>Waits until element specified with `locator` is visible.</doc>
<status status="PASS" starttime="20220704 23:41:20.415" endtime="20220704 23:41:21.366"/>
</kw>
<kw name="Input Text" library="AppiumLibrary">
<arg>${entry}</arg>
<arg>${texto_mensagem}</arg>
<doc>Types the given `text` into text field identified by `locator`.</doc>
<msg timestamp="20220704 23:41:21.368" level="INFO">Typing text 'Olá' into text field 'id=com.whatsapp:id/entry'</msg>
<status status="PASS" starttime="20220704 23:41:21.367" endtime="20220704 23:41:22.184"/>
</kw>
<kw name="Click Element" library="AppiumLibrary">
<arg>${send}</arg>
<doc>Click element identified by `locator`.</doc>
<msg timestamp="20220704 23:41:22.190" level="INFO">Clicking element 'id=send'.</msg>
<status status="PASS" starttime="20220704 23:41:22.185" endtime="20220704 23:41:23.475"/>
</kw>
<status status="PASS" starttime="20220704 23:41:20.415" endtime="20220704 23:41:23.476"/>
</kw>
<status status="PASS" starttime="20220704 23:41:14.211" endtime="20220704 23:41:23.476"/>
</kw>
<kw name="Sair" library="helpers">
<kw name="Enviar mensagem" library="helpers">
<arg>Sair</arg>
<kw name="Wait Until Element Is Visible" library="AppiumLibrary">
<arg>${entry}</arg>
<doc>Waits until element specified with `locator` is visible.</doc>
<status status="PASS" starttime="20220704 23:41:23.478" endtime="20220704 23:41:24.640"/>
</kw>
<kw name="Input Text" library="AppiumLibrary">
<arg>${entry}</arg>
<arg>${texto_mensagem}</arg>
<doc>Types the given `text` into text field identified by `locator`.</doc>
<msg timestamp="20220704 23:41:24.642" level="INFO">Typing text 'Sair' into text field 'id=com.whatsapp:id/entry'</msg>
<status status="PASS" starttime="20220704 23:41:24.640" endtime="20220704 23:41:25.311"/>
</kw>
<kw name="Click Element" library="AppiumLibrary">
<arg>${send}</arg>
<doc>Click element identified by `locator`.</doc>
<msg timestamp="20220704 23:41:25.314" level="INFO">Clicking element 'id=send'.</msg>
<status status="PASS" starttime="20220704 23:41:25.311" endtime="20220704 23:41:27.041"/>
</kw>
<status status="PASS" starttime="20220704 23:41:23.477" endtime="20220704 23:41:27.041"/>
</kw>
<status status="PASS" starttime="20220704 23:41:23.477" endtime="20220704 23:41:27.041"/>
</kw>
<kw name="Finalizar teste" library="helpers" type="TEARDOWN">
<kw name="Capture Page Screenshot" library="AppiumLibrary">
<doc>Takes a screenshot of the current page and embeds it into the log.</doc>
<msg timestamp="20220704 23:41:27.634" level="INFO" html="true">&lt;/td&gt;&lt;/tr&gt;&lt;tr&gt;&lt;td colspan="3"&gt;&lt;a href="appium-screenshot-1.png"&gt;&lt;img src="appium-screenshot-1.png" width="800px"&gt;&lt;/a&gt;</msg>
<status status="PASS" starttime="20220704 23:41:27.042" endtime="20220704 23:41:27.634"/>
</kw>
<kw name="Close Application" library="AppiumLibrary">
<doc>Closes the current application and also close webdriver session.</doc>
<status status="PASS" starttime="20220704 23:41:27.634" endtime="20220704 23:41:28.014"/>
</kw>
<status status="PASS" starttime="20220704 23:41:27.042" endtime="20220704 23:41:28.014"/>
</kw>
<doc>Documentação específica do teste que itá aparecer no relatório</doc>
<tag>tag</tag>
<status status="PASS" starttime="20220704 23:41:06.728" endtime="20220704 23:41:28.014"/>
</test>
<doc>Arquivo de teste usando apenas uma importação da base.robot, onde todas as funcionalidades passam centralizadas</doc>
<status status="PASS" starttime="20220704 23:41:06.566" endtime="20220704 23:41:28.016"/>
</suite>
<status status="PASS" starttime="20220704 23:41:06.548" endtime="20220704 23:41:28.018"/>
</suite>
<statistics>
<total>
<stat pass="1" fail="0" skip="0">All Tests</stat>
</total>
<tag>
<stat pass="1" fail="0" skip="0">tag</stat>
</tag>
<suite>
<stat pass="1" fail="0" skip="0" id="s1" name="Tests">Tests</stat>
<stat pass="1" fail="0" skip="0" id="s1-s1" name="Skill Hub Principal">Tests.Skill Hub Principal</stat>
</suite>
</statistics>
<errors>
<msg timestamp="20220704 23:41:06.716" level="WARN">Imported resource file 'C:\Users\quintiliano.nery\Documents\Repo\Pessoal\Robot_Appium_Teste_conversacional\page_elements\conversation\botconversation.robot' is empty.</msg>
</errors>
</robot>
